<?xml version="1.0" encoding="UTF-8"?>
<testsuite xmlns:xsi="http://www.w3.org/2001/XMLSchema-instance" xsi:noNamespaceSchemaLocation="https://maven.apache.org/surefire/maven-surefire-plugin/xsd/surefire-test-report.xsd" version="3.0.2" name="pe.edu.upc.trabajoaw.TrabajoAwApplicationTests" time="15.812" tests="1" errors="0" skipped="0" failures="0">
  <properties>
[...]
</properties>
  <testcase name="contextLoads" classname="pe.edu.upc.trabajoaw.TrabajoAwApplicationTests" time="0.579">
    <system-out><![CDATA[21:31:44.535 [main] INFO org.springframework.test.context.support.AnnotationConfigContextLoaderUtils -- Could not detect default configuration classes for test class [pe.edu.upc.trabajoaw.TrabajoAwApplicationTests]: TrabajoAwApplicationTests does not declare any static, non-private, non-final, nested classes annotated with @Configuration.
21:31:44.776 [main] INFO org.springframework.boot.test.context.SpringBootTestContextBootstrapper -- Found @SpringBootConfiguration pe.edu.upc.trabajoaw.TrabajoAwApplication for test class pe.edu.upc.trabajoaw.TrabajoAwApplicationTests
21:31:45.158 [main] INFO org.springframework.boot.devtools.restart.RestartApplicationListener -- Restart disabled due to context in which it is running

  .   ____          _            __ _ _
 /\\ / ___'_ __ _ _(_)_ __  __ _ \ \ \ \
( ( )\___ | '_ | '_| | '_ \/ _` | \ \ \ \
 \\/  ___)| |_)| | | | | || (_| |  ) ) ) )
  '  |____| .__|_| |_|_| |_\__, | / / / /
 =========|_|==============|___/=/_/_/_/

 :: Spring Boot ::                (v3.5.5)

2025-09-29T21:31:45.761-05:00  INFO 32428 --- [TrabajoAW] [           main] p.e.u.t.TrabajoAwApplicationTests        : Starting TrabajoAwApplicationTests using Java 24.0.2 with PID 32428 (started by juana in C:\Users\juana\Trabajo2025-02\Mindra-G6\TrabajoAW)
2025-09-29T21:31:45.763-05:00  INFO 32428 --- [TrabajoAW] [           main] p.e.u.t.TrabajoAwApplicationTests        : No active profile set, falling back to 1 default profile: "default"
2025-09-29T21:31:47.823-05:00  INFO 32428 --- [TrabajoAW] [           main] .s.d.r.c.RepositoryConfigurationDelegate : Bootstrapping Spring Data JPA repositories in DEFAULT mode.
2025-09-29T21:31:48.064-05:00  INFO 32428 --- [TrabajoAW] [           main] .s.d.r.c.RepositoryConfigurationDelegate : Finished Spring Data repository scanning in 215 ms. Found 21 JPA repository interfaces.
2025-09-29T21:31:49.751-05:00  INFO 32428 --- [TrabajoAW] [           main] o.hibernate.jpa.internal.util.LogHelper  : HHH000204: Processing PersistenceUnitInfo [name: default]
2025-09-29T21:31:49.890-05:00  INFO 32428 --- [TrabajoAW] [           main] org.hibernate.Version                    : HHH000412: Hibernate ORM core version 6.6.26.Final
2025-09-29T21:31:49.974-05:00  INFO 32428 --- [TrabajoAW] [           main] o.h.c.internal.RegionFactoryInitiator    : HHH000026: Second-level cache disabled
2025-09-29T21:31:50.687-05:00  INFO 32428 --- [TrabajoAW] [           main] o.s.o.j.p.SpringPersistenceUnitInfo      : No LoadTimeWeaver setup: ignoring JPA class transformer
2025-09-29T21:31:50.742-05:00  INFO 32428 --- [TrabajoAW] [           main] com.zaxxer.hikari.HikariDataSource       : HikariPool-1 - Starting...
2025-09-29T21:31:51.069-05:00  INFO 32428 --- [TrabajoAW] [           main] com.zaxxer.hikari.pool.HikariPool        : HikariPool-1 - Added connection org.postgresql.jdbc.PgConnection@60a6840c
2025-09-29T21:31:51.072-05:00  INFO 32428 --- [TrabajoAW] [           main] com.zaxxer.hikari.HikariDataSource       : HikariPool-1 - Start completed.
2025-09-29T21:31:51.123-05:00  WARN 32428 --- [TrabajoAW] [           main] org.hibernate.orm.deprecation            : HHH90000025: PostgreSQLDialect does not need to be specified explicitly using 'hibernate.dialect' (remove the property setting and it will be selected by default)
2025-09-29T21:31:51.157-05:00  INFO 32428 --- [TrabajoAW] [           main] org.hibernate.orm.connections.pooling    : HHH10001005: Database info:
	Database JDBC URL [Connecting through datasource 'HikariDataSource (HikariPool-1)']
	Database driver: undefined/unknown
	Database version: 17.6
	Autocommit mode: undefined/unknown
	Isolation level: undefined/unknown
	Minimum pool size: undefined/unknown
	Maximum pool size: undefined/unknown
2025-09-29T21:31:53.571-05:00  INFO 32428 --- [TrabajoAW] [           main] o.h.e.t.j.p.i.JtaPlatformInitiator       : HHH000489: No JTA platform available (set 'hibernate.transaction.jta.platform' to enable JTA platform integration)
2025-09-29T21:31:55.275-05:00  INFO 32428 --- [TrabajoAW] [           main] j.LocalContainerEntityManagerFactoryBean : Initialized JPA EntityManagerFactory for persistence unit 'default'
2025-09-29T21:31:56.078-05:00  INFO 32428 --- [TrabajoAW] [           main] o.s.d.j.r.query.QueryEnhancerFactory     : Hibernate is in classpath; If applicable, HQL parser will be used.
2025-09-29T21:31:57.528-05:00  WARN 32428 --- [TrabajoAW] [           main] JpaBaseConfiguration$JpaWebConfiguration : spring.jpa.open-in-view is enabled by default. Therefore, database queries may be performed during view rendering. Explicitly configure spring.jpa.open-in-view to disable this warning
2025-09-29T21:31:57.887-05:00  WARN 32428 --- [TrabajoAW] [           main] r$InitializeUserDetailsManagerConfigurer : Global AuthenticationManager configured with an AuthenticationProvider bean. UserDetailsService beans will not be used by Spring Security for automatically configuring username/password login. Consider removing the AuthenticationProvider bean. Alternatively, consider using the UserDetailsService in a manually instantiated DaoAuthenticationProvider. If the current configuration is intentional, to turn off this warning, increase the logging level of 'org.springframework.security.config.annotation.authentication.configuration.InitializeUserDetailsBeanManagerConfigurer' to ERROR
2025-09-29T21:31:59.486-05:00  INFO 32428 --- [TrabajoAW] [           main] p.e.u.t.TrabajoAwApplicationTests        : Started TrabajoAwApplicationTests in 14.357 seconds (process running for 16.293)
]]></system-out>
    <system-err><![CDATA[Mockito is currently self-attaching to enable the inline-mock-maker. This will no longer work in future releases of the JDK. Please add Mockito as an agent to your build as described in Mockito's documentation: https://javadoc.io/doc/org.mockito/mockito-core/latest/org.mockito/org/mockito/Mockito.html#0.3
WARNING: A Java agent has been loaded dynamically (C:\Users\juana\.m2\repository\net\bytebuddy\byte-buddy-agent\1.17.7\byte-buddy-agent-1.17.7.jar)
WARNING: If a serviceability tool is in use, please run with -XX:+EnableDynamicAgentLoading to hide this warning
WARNING: If a serviceability tool is not in use, please run with -Djdk.instrument.traceUsage for more information
WARNING: Dynamic loading of agents will be disallowed by default in a future release
]]></system-err>
  </testcase>
</testsuite>